<?xml version="1.0" encoding="UTF-8"?>
<!-- Generated by org.testng.reporters.JUnitXMLReporter -->
<testsuite ignored="0" hostname="pc-199.home" failures="0" tests="10" name="Default test" time="31.467" errors="0" timestamp="2025-05-09T17:12:02 EET">
  <testcase classname="MyTest" name="CheckWebsiteLanguage" time="0.058"/>
  <testcase classname="MyTest" name="CheckCurrency" time="0.171"/>
  <testcase classname="MyTest" name="CheckContactNo" time="0.043"/>
  <testcase classname="MyTest" name="CheckQitafLogo" time="2.965"/>
  <testcase classname="MyTest" name="CheckHotelTabIsNotSeleced" time="0.143"/>
  <testcase classname="MyTest" name="FlightDepatureDate" time="0.046"/>
  <testcase classname="MyTest" name="FlightReturnDate" time="0.031"/>
  <testcase classname="MyTest" name="ChangeTheWebsiteLanguage" time="0.142"/>
  <testcase classname="MyTest" name="RandomlySelectCity" time="10.646"/>
  <testcase classname="MyTest" name="CheckTheResultIsRetrived" time="10.074"/>
</testsuite> <!-- Default test -->
