<?xml version="1.0" encoding="UTF-8"?>
<testng-results ignored="0" total="10" passed="10" failed="0" skipped="0">
  <reporter-output>
  </reporter-output>
  <suite started-at="2025-05-09T17:11:31 EET" name="Default suite" finished-at="2025-05-09T17:12:02 EET" duration-ms="31467">
    <groups>
    </groups>
    <test started-at="2025-05-09T17:11:31 EET" name="Default test" finished-at="2025-05-09T17:12:02 EET" duration-ms="31467">
      <class name="MyTest">
        <test-method is-config="true" signature="MySetup()[pri:0, instance:MyTest@35a9782c]" started-at="2025-05-09T17:11:31 EET" name="MySetup" finished-at="2025-05-09T17:11:38 EET" duration-ms="7050" status="PASS">
          <reporter-output>
          </reporter-output>
        </test-method> <!-- MySetup -->
        <test-method signature="CheckWebsiteLanguage()[pri:1, instance:MyTest@35a9782c]" started-at="2025-05-09T17:11:38 EET" name="CheckWebsiteLanguage" finished-at="2025-05-09T17:11:38 EET" duration-ms="58" status="PASS">
          <reporter-output>
          </reporter-output>
        </test-method> <!-- CheckWebsiteLanguage -->
        <test-method signature="CheckCurrency()[pri:2, instance:MyTest@35a9782c]" started-at="2025-05-09T17:11:38 EET" name="CheckCurrency" finished-at="2025-05-09T17:11:38 EET" duration-ms="171" status="PASS">
          <reporter-output>
          </reporter-output>
        </test-method> <!-- CheckCurrency -->
        <test-method signature="CheckContactNo()[pri:3, instance:MyTest@35a9782c]" started-at="2025-05-09T17:11:38 EET" name="CheckContactNo" finished-at="2025-05-09T17:11:38 EET" duration-ms="43" status="PASS">
          <reporter-output>
          </reporter-output>
        </test-method> <!-- CheckContactNo -->
        <test-method signature="CheckQitafLogo()[pri:4, instance:MyTest@35a9782c]" started-at="2025-05-09T17:11:38 EET" name="CheckQitafLogo" finished-at="2025-05-09T17:11:41 EET" duration-ms="2965" status="PASS">
          <reporter-output>
          </reporter-output>
        </test-method> <!-- CheckQitafLogo -->
        <test-method signature="CheckHotelTabIsNotSeleced()[pri:5, instance:MyTest@35a9782c]" started-at="2025-05-09T17:11:41 EET" name="CheckHotelTabIsNotSeleced" finished-at="2025-05-09T17:11:41 EET" duration-ms="143" status="PASS">
          <reporter-output>
          </reporter-output>
        </test-method> <!-- CheckHotelTabIsNotSeleced -->
        <test-method signature="FlightDepatureDate()[pri:6, instance:MyTest@35a9782c]" started-at="2025-05-09T17:11:41 EET" name="FlightDepatureDate" finished-at="2025-05-09T17:11:42 EET" duration-ms="46" status="PASS">
          <reporter-output>
          </reporter-output>
        </test-method> <!-- FlightDepatureDate -->
        <test-method signature="FlightReturnDate()[pri:7, instance:MyTest@35a9782c]" started-at="2025-05-09T17:11:42 EET" name="FlightReturnDate" finished-at="2025-05-09T17:11:42 EET" duration-ms="31" status="PASS">
          <reporter-output>
          </reporter-output>
        </test-method> <!-- FlightReturnDate -->
        <test-method signature="ChangeTheWebsiteLanguage()[pri:8, instance:MyTest@35a9782c]" started-at="2025-05-09T17:11:42 EET" name="ChangeTheWebsiteLanguage" finished-at="2025-05-09T17:11:42 EET" duration-ms="142" status="PASS">
          <reporter-output>
          </reporter-output>
        </test-method> <!-- ChangeTheWebsiteLanguage -->
        <test-method signature="RandomlySelectCity()[pri:9, instance:MyTest@35a9782c]" started-at="2025-05-09T17:11:42 EET" name="RandomlySelectCity" finished-at="2025-05-09T17:11:52 EET" duration-ms="10646" status="PASS">
          <reporter-output>
          </reporter-output>
        </test-method> <!-- RandomlySelectCity -->
        <test-method signature="CheckTheResultIsRetrived()[pri:10, instance:MyTest@35a9782c]" started-at="2025-05-09T17:11:52 EET" name="CheckTheResultIsRetrived" finished-at="2025-05-09T17:12:02 EET" duration-ms="10074" status="PASS">
          <reporter-output>
          </reporter-output>
        </test-method> <!-- CheckTheResultIsRetrived -->
      </class> <!-- MyTest -->
    </test> <!-- Default test -->
  </suite> <!-- Default suite -->
</testng-results>
